[2018-01-24 12:21:18] local.ERROR: PDOException: SQLSTATE[HY000] [2002] No connection could be made because the target machine actively refused it.
 in C:\Users\UD UDANI\Desktop\xxxxxxxxxxxx\Laravel\vendor\laravel\framework\src\Illuminate\Database\Connectors\Connector.php:119
Stack trace:
#0 C:\Users\UD UDANI\Desktop\xxxxxxxxxxxx\Laravel\vendor\laravel\framework\src\Illuminate\Database\Connectors\Connector.php(119): PDO->__construct('mysql:host=127....', 'root', '', Array)
#1 C:\Users\UD UDANI\Desktop\xxxxxxxxxxxx\Laravel\vendor\laravel\framework\src\Illuminate\Database\Connectors\Connector.php(56): Illuminate\Database\Connectors\Connector->createPdoConnection('mysql:host=127....', 'root', '', Array)
#2 C:\Users\UD UDANI\Desktop\xxxxxxxxxxxx\Laravel\vendor\laravel\framework\src\Illuminate\Database\Connectors\MySqlConnector.php(24): Illuminate\Database\Connectors\Connector->createConnection('mysql:host=127....', Array, Array)
#3 C:\Users\UD UDANI\Desktop\xxxxxxxxxxxx\Laravel\bootstrap\cache\compiled.php(12036): Illuminate\Database\Connectors\MySqlConnector->connect(Array)
#4 [internal function]: Illuminate\Database\Connectors\ConnectionFactory->Illuminate\Database\Connectors\{closure}()
#5 C:\Users\UD UDANI\Desktop\xxxxxxxxxxxx\Laravel\vendor\laravel\framework\src\Illuminate\Database\Connection.php(965): call_user_func(Object(Closure))
#6 C:\Users\UD UDANI\Desktop\xxxxxxxxxxxx\Laravel\vendor\laravel\framework\src\Illuminate\Database\Connection.php(986): Illuminate\Database\Connection->getPdo()
#7 C:\Users\UD UDANI\Desktop\xxxxxxxxxxxx\Laravel\vendor\laravel\framework\src\Illuminate\Database\Connection.php(423): Illuminate\Database\Connection->getReadPdo()
#8 C:\Users\UD UDANI\Desktop\xxxxxxxxxxxx\Laravel\vendor\laravel\framework\src\Illuminate\Database\Connection.php(333): Illuminate\Database\Connection->getPdoForSelect(true)
#9 C:\Users\UD UDANI\Desktop\xxxxxxxxxxxx\Laravel\vendor\laravel\framework\src\Illuminate\Database\Connection.php(763): Illuminate\Database\Connection->Illuminate\Database\{closure}(Object(Illuminate\Database\MySqlConnection), 'select * from i...', Array)
#10 C:\Users\UD UDANI\Desktop\xxxxxxxxxxxx\Laravel\vendor\laravel\framework\src\Illuminate\Database\Connection.php(726): Illuminate\Database\Connection->runQueryCallback('select * from i...', Array, Object(Closure))
#11 C:\Users\UD UDANI\Desktop\xxxxxxxxxxxx\Laravel\vendor\laravel\framework\src\Illuminate\Database\Connection.php(351): Illuminate\Database\Connection->run('select * from i...', Array, Object(Closure))
#12 C:\Users\UD UDANI\Desktop\xxxxxxxxxxxx\Laravel\vendor\laravel\framework\src\Illuminate\Database\Schema\MySqlBuilder.php(21): Illuminate\Database\Connection->select('select * from i...', Array)
#13 C:\Users\UD UDANI\Desktop\xxxxxxxxxxxx\Laravel\vendor\laravel\framework\src\Illuminate\Database\Migrations\DatabaseMigrationRepository.php(156): Illuminate\Database\Schema\MySqlBuilder->hasTable('migrations')
#14 C:\Users\UD UDANI\Desktop\xxxxxxxxxxxx\Laravel\vendor\laravel\framework\src\Illuminate\Database\Migrations\Migrator.php(515): Illuminate\Database\Migrations\DatabaseMigrationRepository->repositoryExists()
#15 C:\Users\UD UDANI\Desktop\xxxxxxxxxxxx\Laravel\vendor\laravel\framework\src\Illuminate\Database\Console\Migrations\MigrateCommand.php(92): Illuminate\Database\Migrations\Migrator->repositoryExists()
#16 C:\Users\UD UDANI\Desktop\xxxxxxxxxxxx\Laravel\vendor\laravel\framework\src\Illuminate\Database\Console\Migrations\MigrateCommand.php(58): Illuminate\Database\Console\Migrations\MigrateCommand->prepareDatabase()
#17 [internal function]: Illuminate\Database\Console\Migrations\MigrateCommand->fire()
#18 C:\Users\UD UDANI\Desktop\xxxxxxxxxxxx\Laravel\bootstrap\cache\compiled.php(1375): call_user_func_array(Array, Array)
#19 C:\Users\UD UDANI\Desktop\xxxxxxxxxxxx\Laravel\vendor\laravel\framework\src\Illuminate\Console\Command.php(169): Illuminate\Container\Container->call(Array)
#20 C:\Users\UD UDANI\Desktop\xxxxxxxxxxxx\Laravel\vendor\symfony\console\Command\Command.php(261): Illuminate\Console\Command->execute(Object(Symfony\Component\Console\Input\ArgvInput), Object(Symfony\Component\Console\Output\ConsoleOutput))
#21 C:\Users\UD UDANI\Desktop\xxxxxxxxxxxx\Laravel\vendor\laravel\framework\src\Illuminate\Console\Command.php(155): Symfony\Component\Console\Command\Command->run(Object(Symfony\Component\Console\Input\ArgvInput), Object(Symfony\Component\Console\Output\ConsoleOutput))
#22 C:\Users\UD UDANI\Desktop\xxxxxxxxxxxx\Laravel\vendor\symfony\console\Application.php(817): Illuminate\Console\Command->run(Object(Symfony\Component\Console\Input\ArgvInput), Object(Symfony\Component\Console\Output\ConsoleOutput))
#23 C:\Users\UD UDANI\Desktop\xxxxxxxxxxxx\Laravel\vendor\symfony\console\Application.php(185): Symfony\Component\Console\Application->doRunCommand(Object(Illuminate\Database\Console\Migrations\MigrateCommand), Object(Symfony\Component\Console\Input\ArgvInput), Object(Symfony\Component\Console\Output\ConsoleOutput))
#24 C:\Users\UD UDANI\Desktop\xxxxxxxxxxxx\Laravel\vendor\symfony\console\Application.php(116): Symfony\Component\Console\Application->doRun(Object(Symfony\Component\Console\Input\ArgvInput), Object(Symfony\Component\Console\Output\ConsoleOutput))
#25 C:\Users\UD UDANI\Desktop\xxxxxxxxxxxx\Laravel\vendor\laravel\framework\src\Illuminate\Foundation\Console\Kernel.php(121): Symfony\Component\Console\Application->run(Object(Symfony\Component\Console\Input\ArgvInput), Object(Symfony\Component\Console\Output\ConsoleOutput))
#26 C:\Users\UD UDANI\Desktop\xxxxxxxxxxxx\Laravel\artisan(35): Illuminate\Foundation\Console\Kernel->handle(Object(Symfony\Component\Console\Input\ArgvInput), Object(Symfony\Component\Console\Output\ConsoleOutput))
#27 {main}  
[2018-01-24 12:21:18] local.ERROR: PDOException: SQLSTATE[HY000] [2002] No connection could be made because the target machine actively refused it.
 in C:\Users\UD UDANI\Desktop\xxxxxxxxxxxx\Laravel\vendor\laravel\framework\src\Illuminate\Database\Connectors\Connector.php:119
Stack trace:
#0 C:\Users\UD UDANI\Desktop\xxxxxxxxxxxx\Laravel\vendor\laravel\framework\src\Illuminate\Database\Connectors\Connector.php(119): PDO->__construct('mysql:host=127....', 'root', '', Array)
#1 C:\Users\UD UDANI\Desktop\xxxxxxxxxxxx\Laravel\vendor\laravel\framework\src\Illuminate\Database\Connectors\Connector.php(56): Illuminate\Database\Connectors\Connector->createPdoConnection('mysql:host=127....', 'root', '', Array)
#2 C:\Users\UD UDANI\Desktop\xxxxxxxxxxxx\Laravel\vendor\laravel\framework\src\Illuminate\Database\Connectors\MySqlConnector.php(24): Illuminate\Database\Connectors\Connector->createConnection('mysql:host=127....', Array, Array)
#3 C:\Users\UD UDANI\Desktop\xxxxxxxxxxxx\Laravel\bootstrap\cache\compiled.php(12036): Illuminate\Database\Connectors\MySqlConnector->connect(Array)
#4 [internal function]: Illuminate\Database\Connectors\ConnectionFactory->Illuminate\Database\Connectors\{closure}()
#5 C:\Users\UD UDANI\Desktop\xxxxxxxxxxxx\Laravel\vendor\laravel\framework\src\Illuminate\Database\Connection.php(965): call_user_func(Object(Closure))
#6 C:\Users\UD UDANI\Desktop\xxxxxxxxxxxx\Laravel\vendor\laravel\framework\src\Illuminate\Database\Connection.php(986): Illuminate\Database\Connection->getPdo()
#7 C:\Users\UD UDANI\Desktop\xxxxxxxxxxxx\Laravel\vendor\laravel\framework\src\Illuminate\Database\Connection.php(423): Illuminate\Database\Connection->getReadPdo()
#8 C:\Users\UD UDANI\Desktop\xxxxxxxxxxxx\Laravel\vendor\laravel\framework\src\Illuminate\Database\Connection.php(333): Illuminate\Database\Connection->getPdoForSelect(true)
#9 C:\Users\UD UDANI\Desktop\xxxxxxxxxxxx\Laravel\vendor\laravel\framework\src\Illuminate\Database\Connection.php(763): Illuminate\Database\Connection->Illuminate\Database\{closure}(Object(Illuminate\Database\MySqlConnection), 'select * from i...', Array)
#10 C:\Users\UD UDANI\Desktop\xxxxxxxxxxxx\Laravel\vendor\laravel\framework\src\Illuminate\Database\Connection.php(726): Illuminate\Database\Connection->runQueryCallback('select * from i...', Array, Object(Closure))
#11 C:\Users\UD UDANI\Desktop\xxxxxxxxxxxx\Laravel\vendor\laravel\framework\src\Illuminate\Database\Connection.php(351): Illuminate\Database\Connection->run('select * from i...', Array, Object(Closure))
#12 C:\Users\UD UDANI\Desktop\xxxxxxxxxxxx\Laravel\vendor\laravel\framework\src\Illuminate\Database\Schema\MySqlBuilder.php(21): Illuminate\Database\Connection->select('select * from i...', Array)
#13 C:\Users\UD UDANI\Desktop\xxxxxxxxxxxx\Laravel\vendor\laravel\framework\src\Illuminate\Database\Migrations\DatabaseMigrationRepository.php(156): Illuminate\Database\Schema\MySqlBuilder->hasTable('migrations')
#14 C:\Users\UD UDANI\Desktop\xxxxxxxxxxxx\Laravel\vendor\laravel\framework\src\Illuminate\Database\Migrations\Migrator.php(515): Illuminate\Database\Migrations\DatabaseMigrationRepository->repositoryExists()
#15 C:\Users\UD UDANI\Desktop\xxxxxxxxxxxx\Laravel\vendor\laravel\framework\src\Illuminate\Database\Console\Migrations\MigrateCommand.php(92): Illuminate\Database\Migrations\Migrator->repositoryExists()
#16 C:\Users\UD UDANI\Desktop\xxxxxxxxxxxx\Laravel\vendor\laravel\framework\src\Illuminate\Database\Console\Migrations\MigrateCommand.php(58): Illuminate\Database\Console\Migrations\MigrateCommand->prepareDatabase()
#17 [internal function]: Illuminate\Database\Console\Migrations\MigrateCommand->fire()
#18 C:\Users\UD UDANI\Desktop\xxxxxxxxxxxx\Laravel\bootstrap\cache\compiled.php(1375): call_user_func_array(Array, Array)
#19 C:\Users\UD UDANI\Desktop\xxxxxxxxxxxx\Laravel\vendor\laravel\framework\src\Illuminate\Console\Command.php(169): Illuminate\Container\Container->call(Array)
#20 C:\Users\UD UDANI\Desktop\xxxxxxxxxxxx\Laravel\vendor\symfony\console\Command\Command.php(261): Illuminate\Console\Command->execute(Object(Symfony\Component\Console\Input\ArgvInput), Object(Symfony\Component\Console\Output\ConsoleOutput))
#21 C:\Users\UD UDANI\Desktop\xxxxxxxxxxxx\Laravel\vendor\laravel\framework\src\Illuminate\Console\Command.php(155): Symfony\Component\Console\Command\Command->run(Object(Symfony\Component\Console\Input\ArgvInput), Object(Symfony\Component\Console\Output\ConsoleOutput))
#22 C:\Users\UD UDANI\Desktop\xxxxxxxxxxxx\Laravel\vendor\symfony\console\Application.php(817): Illuminate\Console\Command->run(Object(Symfony\Component\Console\Input\ArgvInput), Object(Symfony\Component\Console\Output\ConsoleOutput))
#23 C:\Users\UD UDANI\Desktop\xxxxxxxxxxxx\Laravel\vendor\symfony\console\Application.php(185): Symfony\Component\Console\Application->doRunCommand(Object(Illuminate\Database\Console\Migrations\MigrateCommand), Object(Symfony\Component\Console\Input\ArgvInput), Object(Symfony\Component\Console\Output\ConsoleOutput))
#24 C:\Users\UD UDANI\Desktop\xxxxxxxxxxxx\Laravel\vendor\symfony\console\Application.php(116): Symfony\Component\Console\Application->doRun(Object(Symfony\Component\Console\Input\ArgvInput), Object(Symfony\Component\Console\Output\ConsoleOutput))
#25 C:\Users\UD UDANI\Desktop\xxxxxxxxxxxx\Laravel\vendor\laravel\framework\src\Illuminate\Foundation\Console\Kernel.php(121): Symfony\Component\Console\Application->run(Object(Symfony\Component\Console\Input\ArgvInput), Object(Symfony\Component\Console\Output\ConsoleOutput))
#26 C:\Users\UD UDANI\Desktop\xxxxxxxxxxxx\Laravel\artisan(35): Illuminate\Foundation\Console\Kernel->handle(Object(Symfony\Component\Console\Input\ArgvInput), Object(Symfony\Component\Console\Output\ConsoleOutput))
#27 {main}

Next Illuminate\Database\QueryException: SQLSTATE[HY000] [2002] No connection could be made because the target machine actively refused it.
 (SQL: select * from information_schema.tables where table_schema = ewm and table_name = migrations) in C:\Users\UD UDANI\Desktop\xxxxxxxxxxxx\Laravel\vendor\laravel\framework\src\Illuminate\Database\Connection.php:770
Stack trace:
#0 C:\Users\UD UDANI\Desktop\xxxxxxxxxxxx\Laravel\vendor\laravel\framework\src\Illuminate\Database\Connection.php(726): Illuminate\Database\Connection->runQueryCallback('select * from i...', Array, Object(Closure))
#1 C:\Users\UD UDANI\Desktop\xxxxxxxxxxxx\Laravel\vendor\laravel\framework\src\Illuminate\Database\Connection.php(351): Illuminate\Database\Connection->run('select * from i...', Array, Object(Closure))
#2 C:\Users\UD UDANI\Desktop\xxxxxxxxxxxx\Laravel\vendor\laravel\framework\src\Illuminate\Database\Schema\MySqlBuilder.php(21): Illuminate\Database\Connection->select('select * from i...', Array)
#3 C:\Users\UD UDANI\Desktop\xxxxxxxxxxxx\Laravel\vendor\laravel\framework\src\Illuminate\Database\Migrations\DatabaseMigrationRepository.php(156): Illuminate\Database\Schema\MySqlBuilder->hasTable('migrations')
#4 C:\Users\UD UDANI\Desktop\xxxxxxxxxxxx\Laravel\vendor\laravel\framework\src\Illuminate\Database\Migrations\Migrator.php(515): Illuminate\Database\Migrations\DatabaseMigrationRepository->repositoryExists()
#5 C:\Users\UD UDANI\Desktop\xxxxxxxxxxxx\Laravel\vendor\laravel\framework\src\Illuminate\Database\Console\Migrations\MigrateCommand.php(92): Illuminate\Database\Migrations\Migrator->repositoryExists()
#6 C:\Users\UD UDANI\Desktop\xxxxxxxxxxxx\Laravel\vendor\laravel\framework\src\Illuminate\Database\Console\Migrations\MigrateCommand.php(58): Illuminate\Database\Console\Migrations\MigrateCommand->prepareDatabase()
#7 [internal function]: Illuminate\Database\Console\Migrations\MigrateCommand->fire()
#8 C:\Users\UD UDANI\Desktop\xxxxxxxxxxxx\Laravel\bootstrap\cache\compiled.php(1375): call_user_func_array(Array, Array)
#9 C:\Users\UD UDANI\Desktop\xxxxxxxxxxxx\Laravel\vendor\laravel\framework\src\Illuminate\Console\Command.php(169): Illuminate\Container\Container->call(Array)
#10 C:\Users\UD UDANI\Desktop\xxxxxxxxxxxx\Laravel\vendor\symfony\console\Command\Command.php(261): Illuminate\Console\Command->execute(Object(Symfony\Component\Console\Input\ArgvInput), Object(Symfony\Component\Console\Output\ConsoleOutput))
#11 C:\Users\UD UDANI\Desktop\xxxxxxxxxxxx\Laravel\vendor\laravel\framework\src\Illuminate\Console\Command.php(155): Symfony\Component\Console\Command\Command->run(Object(Symfony\Component\Console\Input\ArgvInput), Object(Symfony\Component\Console\Output\ConsoleOutput))
#12 C:\Users\UD UDANI\Desktop\xxxxxxxxxxxx\Laravel\vendor\symfony\console\Application.php(817): Illuminate\Console\Command->run(Object(Symfony\Component\Console\Input\ArgvInput), Object(Symfony\Component\Console\Output\ConsoleOutput))
#13 C:\Users\UD UDANI\Desktop\xxxxxxxxxxxx\Laravel\vendor\symfony\console\Application.php(185): Symfony\Component\Console\Application->doRunCommand(Object(Illuminate\Database\Console\Migrations\MigrateCommand), Object(Symfony\Component\Console\Input\ArgvInput), Object(Symfony\Component\Console\Output\ConsoleOutput))
#14 C:\Users\UD UDANI\Desktop\xxxxxxxxxxxx\Laravel\vendor\symfony\console\Application.php(116): Symfony\Component\Console\Application->doRun(Object(Symfony\Component\Console\Input\ArgvInput), Object(Symfony\Component\Console\Output\ConsoleOutput))
#15 C:\Users\UD UDANI\Desktop\xxxxxxxxxxxx\Laravel\vendor\laravel\framework\src\Illuminate\Foundation\Console\Kernel.php(121): Symfony\Component\Console\Application->run(Object(Symfony\Component\Console\Input\ArgvInput), Object(Symfony\Component\Console\Output\ConsoleOutput))
#16 C:\Users\UD UDANI\Desktop\xxxxxxxxxxxx\Laravel\artisan(35): Illuminate\Foundation\Console\Kernel->handle(Object(Symfony\Component\Console\Input\ArgvInput), Object(Symfony\Component\Console\Output\ConsoleOutput))
#17 {main}  
[2018-01-24 12:24:06] local.ERROR: PDOException: SQLSTATE[HY000] [2002] No connection could be made because the target machine actively refused it.
 in C:\Users\UD UDANI\Desktop\xxxxxxxxxxxx\Laravel\vendor\laravel\framework\src\Illuminate\Database\Connectors\Connector.php:119
Stack trace:
#0 C:\Users\UD UDANI\Desktop\xxxxxxxxxxxx\Laravel\vendor\laravel\framework\src\Illuminate\Database\Connectors\Connector.php(119): PDO->__construct('mysql:host=127....', 'root', '', Array)
#1 C:\Users\UD UDANI\Desktop\xxxxxxxxxxxx\Laravel\vendor\laravel\framework\src\Illuminate\Database\Connectors\Connector.php(56): Illuminate\Database\Connectors\Connector->createPdoConnection('mysql:host=127....', 'root', '', Array)
#2 C:\Users\UD UDANI\Desktop\xxxxxxxxxxxx\Laravel\vendor\laravel\framework\src\Illuminate\Database\Connectors\MySqlConnector.php(24): Illuminate\Database\Connectors\Connector->createConnection('mysql:host=127....', Array, Array)
#3 C:\Users\UD UDANI\Desktop\xxxxxxxxxxxx\Laravel\bootstrap\cache\compiled.php(12036): Illuminate\Database\Connectors\MySqlConnector->connect(Array)
#4 [internal function]: Illuminate\Database\Connectors\ConnectionFactory->Illuminate\Database\Connectors\{closure}()
#5 C:\Users\UD UDANI\Desktop\xxxxxxxxxxxx\Laravel\vendor\laravel\framework\src\Illuminate\Database\Connection.php(965): call_user_func(Object(Closure))
#6 C:\Users\UD UDANI\Desktop\xxxxxxxxxxxx\Laravel\vendor\laravel\framework\src\Illuminate\Database\Connection.php(986): Illuminate\Database\Connection->getPdo()
#7 C:\Users\UD UDANI\Desktop\xxxxxxxxxxxx\Laravel\vendor\laravel\framework\src\Illuminate\Database\Connection.php(423): Illuminate\Database\Connection->getReadPdo()
#8 C:\Users\UD UDANI\Desktop\xxxxxxxxxxxx\Laravel\vendor\laravel\framework\src\Illuminate\Database\Connection.php(333): Illuminate\Database\Connection->getPdoForSelect(true)
#9 C:\Users\UD UDANI\Desktop\xxxxxxxxxxxx\Laravel\vendor\laravel\framework\src\Illuminate\Database\Connection.php(763): Illuminate\Database\Connection->Illuminate\Database\{closure}(Object(Illuminate\Database\MySqlConnection), 'select * from i...', Array)
#10 C:\Users\UD UDANI\Desktop\xxxxxxxxxxxx\Laravel\vendor\laravel\framework\src\Illuminate\Database\Connection.php(726): Illuminate\Database\Connection->runQueryCallback('select * from i...', Array, Object(Closure))
#11 C:\Users\UD UDANI\Desktop\xxxxxxxxxxxx\Laravel\vendor\laravel\framework\src\Illuminate\Database\Connection.php(351): Illuminate\Database\Connection->run('select * from i...', Array, Object(Closure))
#12 C:\Users\UD UDANI\Desktop\xxxxxxxxxxxx\Laravel\vendor\laravel\framework\src\Illuminate\Database\Schema\MySqlBuilder.php(21): Illuminate\Database\Connection->select('select * from i...', Array)
#13 C:\Users\UD UDANI\Desktop\xxxxxxxxxxxx\Laravel\vendor\laravel\framework\src\Illuminate\Database\Migrations\DatabaseMigrationRepository.php(156): Illuminate\Database\Schema\MySqlBuilder->hasTable('migrations')
#14 C:\Users\UD UDANI\Desktop\xxxxxxxxxxxx\Laravel\vendor\laravel\framework\src\Illuminate\Database\Migrations\Migrator.php(515): Illuminate\Database\Migrations\DatabaseMigrationRepository->repositoryExists()
#15 C:\Users\UD UDANI\Desktop\xxxxxxxxxxxx\Laravel\vendor\laravel\framework\src\Illuminate\Database\Console\Migrations\MigrateCommand.php(92): Illuminate\Database\Migrations\Migrator->repositoryExists()
#16 C:\Users\UD UDANI\Desktop\xxxxxxxxxxxx\Laravel\vendor\laravel\framework\src\Illuminate\Database\Console\Migrations\MigrateCommand.php(58): Illuminate\Database\Console\Migrations\MigrateCommand->prepareDatabase()
#17 [internal function]: Illuminate\Database\Console\Migrations\MigrateCommand->fire()
#18 C:\Users\UD UDANI\Desktop\xxxxxxxxxxxx\Laravel\bootstrap\cache\compiled.php(1375): call_user_func_array(Array, Array)
#19 C:\Users\UD UDANI\Desktop\xxxxxxxxxxxx\Laravel\vendor\laravel\framework\src\Illuminate\Console\Command.php(169): Illuminate\Container\Container->call(Array)
#20 C:\Users\UD UDANI\Desktop\xxxxxxxxxxxx\Laravel\vendor\symfony\console\Command\Command.php(261): Illuminate\Console\Command->execute(Object(Symfony\Component\Console\Input\ArgvInput), Object(Symfony\Component\Console\Output\ConsoleOutput))
#21 C:\Users\UD UDANI\Desktop\xxxxxxxxxxxx\Laravel\vendor\laravel\framework\src\Illuminate\Console\Command.php(155): Symfony\Component\Console\Command\Command->run(Object(Symfony\Component\Console\Input\ArgvInput), Object(Symfony\Component\Console\Output\ConsoleOutput))
#22 C:\Users\UD UDANI\Desktop\xxxxxxxxxxxx\Laravel\vendor\symfony\console\Application.php(817): Illuminate\Console\Command->run(Object(Symfony\Component\Console\Input\ArgvInput), Object(Symfony\Component\Console\Output\ConsoleOutput))
#23 C:\Users\UD UDANI\Desktop\xxxxxxxxxxxx\Laravel\vendor\symfony\console\Application.php(185): Symfony\Component\Console\Application->doRunCommand(Object(Illuminate\Database\Console\Migrations\MigrateCommand), Object(Symfony\Component\Console\Input\ArgvInput), Object(Symfony\Component\Console\Output\ConsoleOutput))
#24 C:\Users\UD UDANI\Desktop\xxxxxxxxxxxx\Laravel\vendor\symfony\console\Application.php(116): Symfony\Component\Console\Application->doRun(Object(Symfony\Component\Console\Input\ArgvInput), Object(Symfony\Component\Console\Output\ConsoleOutput))
#25 C:\Users\UD UDANI\Desktop\xxxxxxxxxxxx\Laravel\vendor\laravel\framework\src\Illuminate\Foundation\Console\Kernel.php(121): Symfony\Component\Console\Application->run(Object(Symfony\Component\Console\Input\ArgvInput), Object(Symfony\Component\Console\Output\ConsoleOutput))
#26 C:\Users\UD UDANI\Desktop\xxxxxxxxxxxx\Laravel\artisan(35): Illuminate\Foundation\Console\Kernel->handle(Object(Symfony\Component\Console\Input\ArgvInput), Object(Symfony\Component\Console\Output\ConsoleOutput))
#27 {main}  
[2018-01-24 12:24:06] local.ERROR: PDOException: SQLSTATE[HY000] [2002] No connection could be made because the target machine actively refused it.
 in C:\Users\UD UDANI\Desktop\xxxxxxxxxxxx\Laravel\vendor\laravel\framework\src\Illuminate\Database\Connectors\Connector.php:119
Stack trace:
#0 C:\Users\UD UDANI\Desktop\xxxxxxxxxxxx\Laravel\vendor\laravel\framework\src\Illuminate\Database\Connectors\Connector.php(119): PDO->__construct('mysql:host=127....', 'root', '', Array)
#1 C:\Users\UD UDANI\Desktop\xxxxxxxxxxxx\Laravel\vendor\laravel\framework\src\Illuminate\Database\Connectors\Connector.php(56): Illuminate\Database\Connectors\Connector->createPdoConnection('mysql:host=127....', 'root', '', Array)
#2 C:\Users\UD UDANI\Desktop\xxxxxxxxxxxx\Laravel\vendor\laravel\framework\src\Illuminate\Database\Connectors\MySqlConnector.php(24): Illuminate\Database\Connectors\Connector->createConnection('mysql:host=127....', Array, Array)
#3 C:\Users\UD UDANI\Desktop\xxxxxxxxxxxx\Laravel\bootstrap\cache\compiled.php(12036): Illuminate\Database\Connectors\MySqlConnector->connect(Array)
#4 [internal function]: Illuminate\Database\Connectors\ConnectionFactory->Illuminate\Database\Connectors\{closure}()
#5 C:\Users\UD UDANI\Desktop\xxxxxxxxxxxx\Laravel\vendor\laravel\framework\src\Illuminate\Database\Connection.php(965): call_user_func(Object(Closure))
#6 C:\Users\UD UDANI\Desktop\xxxxxxxxxxxx\Laravel\vendor\laravel\framework\src\Illuminate\Database\Connection.php(986): Illuminate\Database\Connection->getPdo()
#7 C:\Users\UD UDANI\Desktop\xxxxxxxxxxxx\Laravel\vendor\laravel\framework\src\Illuminate\Database\Connection.php(423): Illuminate\Database\Connection->getReadPdo()
#8 C:\Users\UD UDANI\Desktop\xxxxxxxxxxxx\Laravel\vendor\laravel\framework\src\Illuminate\Database\Connection.php(333): Illuminate\Database\Connection->getPdoForSelect(true)
#9 C:\Users\UD UDANI\Desktop\xxxxxxxxxxxx\Laravel\vendor\laravel\framework\src\Illuminate\Database\Connection.php(763): Illuminate\Database\Connection->Illuminate\Database\{closure}(Object(Illuminate\Database\MySqlConnection), 'select * from i...', Array)
#10 C:\Users\UD UDANI\Desktop\xxxxxxxxxxxx\Laravel\vendor\laravel\framework\src\Illuminate\Database\Connection.php(726): Illuminate\Database\Connection->runQueryCallback('select * from i...', Array, Object(Closure))
#11 C:\Users\UD UDANI\Desktop\xxxxxxxxxxxx\Laravel\vendor\laravel\framework\src\Illuminate\Database\Connection.php(351): Illuminate\Database\Connection->run('select * from i...', Array, Object(Closure))
#12 C:\Users\UD UDANI\Desktop\xxxxxxxxxxxx\Laravel\vendor\laravel\framework\src\Illuminate\Database\Schema\MySqlBuilder.php(21): Illuminate\Database\Connection->select('select * from i...', Array)
#13 C:\Users\UD UDANI\Desktop\xxxxxxxxxxxx\Laravel\vendor\laravel\framework\src\Illuminate\Database\Migrations\DatabaseMigrationRepository.php(156): Illuminate\Database\Schema\MySqlBuilder->hasTable('migrations')
#14 C:\Users\UD UDANI\Desktop\xxxxxxxxxxxx\Laravel\vendor\laravel\framework\src\Illuminate\Database\Migrations\Migrator.php(515): Illuminate\Database\Migrations\DatabaseMigrationRepository->repositoryExists()
#15 C:\Users\UD UDANI\Desktop\xxxxxxxxxxxx\Laravel\vendor\laravel\framework\src\Illuminate\Database\Console\Migrations\MigrateCommand.php(92): Illuminate\Database\Migrations\Migrator->repositoryExists()
#16 C:\Users\UD UDANI\Desktop\xxxxxxxxxxxx\Laravel\vendor\laravel\framework\src\Illuminate\Database\Console\Migrations\MigrateCommand.php(58): Illuminate\Database\Console\Migrations\MigrateCommand->prepareDatabase()
#17 [internal function]: Illuminate\Database\Console\Migrations\MigrateCommand->fire()
#18 C:\Users\UD UDANI\Desktop\xxxxxxxxxxxx\Laravel\bootstrap\cache\compiled.php(1375): call_user_func_array(Array, Array)
#19 C:\Users\UD UDANI\Desktop\xxxxxxxxxxxx\Laravel\vendor\laravel\framework\src\Illuminate\Console\Command.php(169): Illuminate\Container\Container->call(Array)
#20 C:\Users\UD UDANI\Desktop\xxxxxxxxxxxx\Laravel\vendor\symfony\console\Command\Command.php(261): Illuminate\Console\Command->execute(Object(Symfony\Component\Console\Input\ArgvInput), Object(Symfony\Component\Console\Output\ConsoleOutput))
#21 C:\Users\UD UDANI\Desktop\xxxxxxxxxxxx\Laravel\vendor\laravel\framework\src\Illuminate\Console\Command.php(155): Symfony\Component\Console\Command\Command->run(Object(Symfony\Component\Console\Input\ArgvInput), Object(Symfony\Component\Console\Output\ConsoleOutput))
#22 C:\Users\UD UDANI\Desktop\xxxxxxxxxxxx\Laravel\vendor\symfony\console\Application.php(817): Illuminate\Console\Command->run(Object(Symfony\Component\Console\Input\ArgvInput), Object(Symfony\Component\Console\Output\ConsoleOutput))
#23 C:\Users\UD UDANI\Desktop\xxxxxxxxxxxx\Laravel\vendor\symfony\console\Application.php(185): Symfony\Component\Console\Application->doRunCommand(Object(Illuminate\Database\Console\Migrations\MigrateCommand), Object(Symfony\Component\Console\Input\ArgvInput), Object(Symfony\Component\Console\Output\ConsoleOutput))
#24 C:\Users\UD UDANI\Desktop\xxxxxxxxxxxx\Laravel\vendor\symfony\console\Application.php(116): Symfony\Component\Console\Application->doRun(Object(Symfony\Component\Console\Input\ArgvInput), Object(Symfony\Component\Console\Output\ConsoleOutput))
#25 C:\Users\UD UDANI\Desktop\xxxxxxxxxxxx\Laravel\vendor\laravel\framework\src\Illuminate\Foundation\Console\Kernel.php(121): Symfony\Component\Console\Application->run(Object(Symfony\Component\Console\Input\ArgvInput), Object(Symfony\Component\Console\Output\ConsoleOutput))
#26 C:\Users\UD UDANI\Desktop\xxxxxxxxxxxx\Laravel\artisan(35): Illuminate\Foundation\Console\Kernel->handle(Object(Symfony\Component\Console\Input\ArgvInput), Object(Symfony\Component\Console\Output\ConsoleOutput))
#27 {main}

Next Illuminate\Database\QueryException: SQLSTATE[HY000] [2002] No connection could be made because the target machine actively refused it.
 (SQL: select * from information_schema.tables where table_schema = ewm and table_name = migrations) in C:\Users\UD UDANI\Desktop\xxxxxxxxxxxx\Laravel\vendor\laravel\framework\src\Illuminate\Database\Connection.php:770
Stack trace:
#0 C:\Users\UD UDANI\Desktop\xxxxxxxxxxxx\Laravel\vendor\laravel\framework\src\Illuminate\Database\Connection.php(726): Illuminate\Database\Connection->runQueryCallback('select * from i...', Array, Object(Closure))
#1 C:\Users\UD UDANI\Desktop\xxxxxxxxxxxx\Laravel\vendor\laravel\framework\src\Illuminate\Database\Connection.php(351): Illuminate\Database\Connection->run('select * from i...', Array, Object(Closure))
#2 C:\Users\UD UDANI\Desktop\xxxxxxxxxxxx\Laravel\vendor\laravel\framework\src\Illuminate\Database\Schema\MySqlBuilder.php(21): Illuminate\Database\Connection->select('select * from i...', Array)
#3 C:\Users\UD UDANI\Desktop\xxxxxxxxxxxx\Laravel\vendor\laravel\framework\src\Illuminate\Database\Migrations\DatabaseMigrationRepository.php(156): Illuminate\Database\Schema\MySqlBuilder->hasTable('migrations')
#4 C:\Users\UD UDANI\Desktop\xxxxxxxxxxxx\Laravel\vendor\laravel\framework\src\Illuminate\Database\Migrations\Migrator.php(515): Illuminate\Database\Migrations\DatabaseMigrationRepository->repositoryExists()
#5 C:\Users\UD UDANI\Desktop\xxxxxxxxxxxx\Laravel\vendor\laravel\framework\src\Illuminate\Database\Console\Migrations\MigrateCommand.php(92): Illuminate\Database\Migrations\Migrator->repositoryExists()
#6 C:\Users\UD UDANI\Desktop\xxxxxxxxxxxx\Laravel\vendor\laravel\framework\src\Illuminate\Database\Console\Migrations\MigrateCommand.php(58): Illuminate\Database\Console\Migrations\MigrateCommand->prepareDatabase()
#7 [internal function]: Illuminate\Database\Console\Migrations\MigrateCommand->fire()
#8 C:\Users\UD UDANI\Desktop\xxxxxxxxxxxx\Laravel\bootstrap\cache\compiled.php(1375): call_user_func_array(Array, Array)
#9 C:\Users\UD UDANI\Desktop\xxxxxxxxxxxx\Laravel\vendor\laravel\framework\src\Illuminate\Console\Command.php(169): Illuminate\Container\Container->call(Array)
#10 C:\Users\UD UDANI\Desktop\xxxxxxxxxxxx\Laravel\vendor\symfony\console\Command\Command.php(261): Illuminate\Console\Command->execute(Object(Symfony\Component\Console\Input\ArgvInput), Object(Symfony\Component\Console\Output\ConsoleOutput))
#11 C:\Users\UD UDANI\Desktop\xxxxxxxxxxxx\Laravel\vendor\laravel\framework\src\Illuminate\Console\Command.php(155): Symfony\Component\Console\Command\Command->run(Object(Symfony\Component\Console\Input\ArgvInput), Object(Symfony\Component\Console\Output\ConsoleOutput))
#12 C:\Users\UD UDANI\Desktop\xxxxxxxxxxxx\Laravel\vendor\symfony\console\Application.php(817): Illuminate\Console\Command->run(Object(Symfony\Component\Console\Input\ArgvInput), Object(Symfony\Component\Console\Output\ConsoleOutput))
#13 C:\Users\UD UDANI\Desktop\xxxxxxxxxxxx\Laravel\vendor\symfony\console\Application.php(185): Symfony\Component\Console\Application->doRunCommand(Object(Illuminate\Database\Console\Migrations\MigrateCommand), Object(Symfony\Component\Console\Input\ArgvInput), Object(Symfony\Component\Console\Output\ConsoleOutput))
#14 C:\Users\UD UDANI\Desktop\xxxxxxxxxxxx\Laravel\vendor\symfony\console\Application.php(116): Symfony\Component\Console\Application->doRun(Object(Symfony\Component\Console\Input\ArgvInput), Object(Symfony\Component\Console\Output\ConsoleOutput))
#15 C:\Users\UD UDANI\Desktop\xxxxxxxxxxxx\Laravel\vendor\laravel\framework\src\Illuminate\Foundation\Console\Kernel.php(121): Symfony\Component\Console\Application->run(Object(Symfony\Component\Console\Input\ArgvInput), Object(Symfony\Component\Console\Output\ConsoleOutput))
#16 C:\Users\UD UDANI\Desktop\xxxxxxxxxxxx\Laravel\artisan(35): Illuminate\Foundation\Console\Kernel->handle(Object(Symfony\Component\Console\Input\ArgvInput), Object(Symfony\Component\Console\Output\ConsoleOutput))
#17 {main}  
